C51 COMPILER V9.00   DS18B20                                                               03/07/2016 00:07:43 PAGE 1   


C51 COMPILER V9.00, COMPILATION OF MODULE DS18B20
OBJECT MODULE PLACED IN ds18b20.OBJ
COMPILER INVOKED BY: D:\Program Files (x86)\KEIL\C51\BIN\C51.EXE ds18b20.c BROWSE DEBUG OBJECTEXTEND

line level    source

   1          #include "K60S2.h"
   2          #include <intrins.h>
   3          
   4          
   5          sbit DQ = P1^4;
   6          //单总线延时函数
   7          void Delay_OneWire(unsigned int t)
   8          {
   9   1        uchar i;
  10   1        while(t--){
  11   2              for(i=0; i<12; i++) ;   
  12   2        }
  13   1      }
  14          
  15          //DS18B20芯片初始化
  16          bit Init_DS18B20(void)
  17          {
  18   1              bit initflag = 0;
  19   1              DQ = 1;
  20   1              Delay_OneWire(12);
  21   1              DQ = 0;
  22   1              Delay_OneWire(80); 
  23   1              DQ = 1;
  24   1              Delay_OneWire(10); 
  25   1              initflag = DQ;    
  26   1              Delay_OneWire(5);
  27   1        
  28   1              return initflag;
  29   1      }
  30          
  31          //通过单总线向DS18B20写一个字节
  32          void Write_DS18B20(unsigned char dat)
  33          {
  34   1              unsigned char i;
  35   1              for(i=0;i<8;i++)
  36   1              {
  37   2                      DQ = 0;
  38   2                      DQ = dat&0x01;
  39   2                      Delay_OneWire(5);
  40   2                      DQ = 1;
  41   2                      dat >>= 1;
  42   2              }
  43   1              Delay_OneWire(5);
  44   1      }
  45          
  46          //从DS18B20读取一个字节
  47          unsigned char Read_DS18B20(void)
  48          {
  49   1              unsigned char i;
  50   1              unsigned char dat;
  51   1        
  52   1              for(i=0;i<8;i++)
  53   1              {
  54   2                      DQ = 0;
  55   2                      dat >>= 1;
C51 COMPILER V9.00   DS18B20                                                               03/07/2016 00:07:43 PAGE 2   

  56   2                      DQ = 1;
  57   2                      if(DQ)
  58   2                      {
  59   3                              dat |= 0x80;
  60   3                      }           
  61   2                      Delay_OneWire(5);
  62   2              }
  63   1              return dat;
  64   1      }
  65          
  66          uchar Read_temp(){
  67   1              uchar temp_l,temp_h,temp;
  68   1      //      EA = 0;
  69   1              Init_DS18B20();
  70   1              Write_DS18B20(0xcc);
  71   1              Write_DS18B20(0x44);
  72   1              Delay_OneWire(200);
  73   1              Init_DS18B20();
  74   1              Write_DS18B20(0xcc);
  75   1              Write_DS18B20(0xbe);
  76   1      //      EA = 1;
  77   1              temp_l = Read_DS18B20();
  78   1              temp_h = Read_DS18B20();
  79   1              temp = (temp_h << 4) | (temp_l >> 4);
  80   1              return temp; 
  81   1      }
  82          
  83          


MODULE INFORMATION:   STATIC OVERLAYABLE
   CODE SIZE        =    174    ----
   CONSTANT SIZE    =   ----    ----
   XDATA SIZE       =   ----    ----
   PDATA SIZE       =   ----    ----
   DATA SIZE        =   ----    ----
   IDATA SIZE       =   ----    ----
   BIT SIZE         =   ----       1
END OF MODULE INFORMATION.


C51 COMPILATION COMPLETE.  0 WARNING(S),  0 ERROR(S)
