C51 COMPILER V9.00   DS18B20                                                               03/03/2016 18:11:52 PAGE 1   


C51 COMPILER V9.00, COMPILATION OF MODULE DS18B20
OBJECT MODULE PLACED IN DS18B20.OBJ
COMPILER INVOKED BY: D:\Program Files (x86)\KEIL\C51\BIN\C51.EXE DS18B20.c BROWSE DEBUG OBJECTEXTEND

line level    source

   1          #include "K60S2.h"
   2          
   3          sbit DQ = P1^4;
   4          
   5          //单总线延时函数
   6          
   7          void Delay_OneWire(unsigned int t)  //K60S2
   8          {
   9   1              unsigned char i;
  10   1              while(t--){
  11   2                      for(i=0;i<12;i++);
  12   2              }
  13   1      }
  14          
  15          //通过单总线向DS18B20写一个字节
  16          void Write_DS18B20(unsigned char dat)
  17          {
  18   1              unsigned char i;
  19   1              for(i=0;i<8;i++)
  20   1              {
  21   2                      DQ = 0;
  22   2                      DQ = dat&0x01;
  23   2                      Delay_OneWire(5);
  24   2                      DQ = 1;
  25   2                      dat >>= 1;
  26   2              }
  27   1              Delay_OneWire(5);
  28   1      }
  29          
  30          //从DS18B20读取一个字节
  31          unsigned char Read_DS18B20(void)
  32          {
  33   1              unsigned char i;
  34   1              unsigned char dat;
  35   1        
  36   1              for(i=0;i<8;i++)
  37   1              {
  38   2                      DQ = 0;
  39   2                      dat >>= 1;
  40   2                      DQ = 1;
  41   2                      if(DQ)
  42   2                      {
  43   3                              dat |= 0x80;
  44   3                      }           
  45   2                      Delay_OneWire(5);
  46   2              }
  47   1              return dat;
  48   1      }
  49          
  50          //DS18B20初始化
  51          bit init_ds18b20(void)
  52          {
  53   1              bit initflag = 0;
  54   1              
  55   1              DQ = 1;
C51 COMPILER V9.00   DS18B20                                                               03/03/2016 18:11:52 PAGE 2   

  56   1              Delay_OneWire(12);
  57   1              DQ = 0;
  58   1              Delay_OneWire(80); // 延时大于480us
  59   1              DQ = 1;
  60   1              Delay_OneWire(10);  // 14
  61   1              initflag = DQ;     // initflag等于1初始化失败
  62   1              Delay_OneWire(5);
  63   1        
  64   1              return initflag;
  65   1      }
  66          
  67          //DS18B20温度采集程序：整数
  68          unsigned char Temp_read(void)
  69          {
  70   1          unsigned char low,high;
  71   1              char temp;
  72   1        //    EA = 0;
  73   1              init_ds18b20();
  74   1              Write_DS18B20(0xCC);
  75   1              Write_DS18B20(0x44); //启动温度转换
  76   1              Delay_OneWire(20);
  77   1              
  78   1              init_ds18b20();
  79   1              Write_DS18B20(0xCC);
  80   1              Write_DS18B20(0xBE); //读取寄存器
  81   1      
  82   1      //      EA = 1;
  83   1      
  84   1              low = Read_DS18B20(); //低字节
  85   1              high = Read_DS18B20(); //高字节
  86   1        
  87   1              temp = high<<4;
  88   1              temp |= (low>>4);
  89   1        
  90   1              return temp;
  91   1      }


MODULE INFORMATION:   STATIC OVERLAYABLE
   CODE SIZE        =    174    ----
   CONSTANT SIZE    =   ----    ----
   XDATA SIZE       =   ----    ----
   PDATA SIZE       =   ----    ----
   DATA SIZE        =   ----    ----
   IDATA SIZE       =   ----    ----
   BIT SIZE         =   ----       1
END OF MODULE INFORMATION.


C51 COMPILATION COMPLETE.  0 WARNING(S),  0 ERROR(S)
